<?xml version="1.0" encoding="UTF-8"?>
<!-- Generated by org.testng.reporters.JUnitReportReporter -->
<testsuite name="test.com.ExtentReportDemo" tests="1" time="0.466" ignored="0" failures="0" timestamp="16 Aug 2020 16:56:49 GMT" skipped="0" hostname="DESKTOP-R7SGEB5" errors="0">
  <testcase name="loginTest" time="0.466" classname="test.com.ExtentReportDemo"/>
</testsuite> <!-- test.com.ExtentReportDemo -->
